0 info it worked if it ends with ok
1 verbose cli [ '/usr/local/bin/node', '/usr/local/bin/npm', 'run', 'dev' ]
2 info using npm@3.3.12
3 info using node@v6.8.0
4 verbose run-script [ 'predev', 'dev', 'postdev' ]
5 info lifecycle blog@0.0.0~predev: blog@0.0.0
6 silly lifecycle blog@0.0.0~predev: no script for predev, continuing
7 info lifecycle blog@0.0.0~dev: blog@0.0.0
8 verbose lifecycle blog@0.0.0~dev: unsafe-perm in lifecycle true
9 verbose lifecycle blog@0.0.0~dev: PATH: /usr/local/lib/node_modules/npm/bin/node-gyp-bin:/Users/jacobs/blog/node_modules/.bin:/usr/local/mongodb/bin:/Users/jacobs/bin:/usr/local/bin:/usr/bin:/bin:/usr/sbin:/sbin:/Applications/gradle-2.2.1/bin/:/Users/jacobs/Documents/Develops/Develop_Tools/AndroidStudio.app/sdk/platform-tools:/Users/jacobs/Documents/Develops/Develop_Tools/AndroidStudio.app/sdk/tools:/Users/jacobs/Applications/gradle-2.2.1/bin:/usr/local/Cellar/redis/2.8.19/bin:/usr/local/mysql/bin:/usr/local/bin/:/opt/local/bin/:/Users/jacobs/.rvm/bin:/Users/jacobs/.rvm/bin
10 verbose lifecycle blog@0.0.0~dev: CWD: /Users/jacobs/blog
11 silly lifecycle blog@0.0.0~dev: Args: [ '-c', 'node ./bin/www' ]
12 silly lifecycle blog@0.0.0~dev: Returned: code: 1  signal: null
13 info lifecycle blog@0.0.0~dev: Failed to exec dev script
14 verbose stack Error: blog@0.0.0 dev: `node ./bin/www`
14 verbose stack Exit status 1
14 verbose stack     at EventEmitter.<anonymous> (/usr/local/lib/node_modules/npm/lib/utils/lifecycle.js:232:16)
14 verbose stack     at emitTwo (events.js:106:13)
14 verbose stack     at EventEmitter.emit (events.js:191:7)
14 verbose stack     at ChildProcess.<anonymous> (/usr/local/lib/node_modules/npm/lib/utils/spawn.js:24:14)
14 verbose stack     at emitTwo (events.js:106:13)
14 verbose stack     at ChildProcess.emit (events.js:191:7)
14 verbose stack     at maybeClose (internal/child_process.js:877:16)
14 verbose stack     at Process.ChildProcess._handle.onexit (internal/child_process.js:226:5)
15 verbose pkgid blog@0.0.0
16 verbose cwd /Users/jacobs/blog
17 error Darwin 15.6.0
18 error argv "/usr/local/bin/node" "/usr/local/bin/npm" "run" "dev"
19 error node v6.8.0
20 error npm  v3.3.12
21 error code ELIFECYCLE
22 error blog@0.0.0 dev: `node ./bin/www`
22 error Exit status 1
23 error Failed at the blog@0.0.0 dev script 'node ./bin/www'.
23 error Make sure you have the latest version of node.js and npm installed.
23 error If you do, this is most likely a problem with the blog package,
23 error not with npm itself.
23 error Tell the author that this fails on your system:
23 error     node ./bin/www
23 error You can get their info via:
23 error     npm owner ls blog
23 error There is likely additional logging output above.
24 verbose exit [ 1, true ]
